# JRE version: OpenJDK Runtime Environment Temurin-17.0.11+9 (17.0.11+9) (build 17.0.11+9)
# Java VM: OpenJDK 64-Bit Server VM Temurin-17.0.11+9 (17.0.11+9, mixed mode, emulated-client, tiered, compressed oops, compressed class ptrs, g1 gc, windows-amd64)
GC Precious Log:
 CPUs: 12 total, 12 available
 Memory: 7830M
 Large Page Support: Disabled
 NUMA Support: Disabled
 Compressed Oops: Enabled (32-bit)
 Heap Region Size: 1M
 Heap Min Capacity: 8M
 Heap Initial Capacity: 124M
 Heap Max Capacity: 1G
 Pre-touch: Disabled
 Parallel Workers: 10
 Concurrent Workers: 3
 Concurrent Refinement Workers: 10
 Periodic GC: Disabled
Heap:
 garbage-first heap   total 91136K, used 39627K [0x00000000c0000000, 0x0000000100000000)
  region size 1024K, 1 young (1024K), 0 survivors (0K)
 Metaspace       used 61212K, committed 61824K, reserved 1114112K
  class space    used 7444K, committed 7744K, reserved 1048576K
GC Heap History (20 events):
Event: 67064.364 GC heap before
{Heap before GC invocations=1326 (full 1307):
 garbage-first heap   total 91136K, used 39627K [0x00000000c0000000, 0x0000000100000000)
  region size 1024K, 1 young (1024K), 0 survivors (0K)
 Metaspace       used 61212K, committed 61824K, reserved 1114112K
  class space    used 7444K, committed 7744K, reserved 1048576K
}
Event: 67064.451 GC heap after
{Heap after GC invocations=1327 (full 1308):
 garbage-first heap   total 91136K, used 39627K [0x00000000c0000000, 0x0000000100000000)
  region size 1024K, 0 young (0K), 0 survivors (0K)
 Metaspace       used 61212K, committed 61824K, reserved 1114112K
  class space    used 7444K, committed 7744K, reserved 1048576K
}
Event: 67074.785 GC heap before
{Heap before GC invocations=1327 (full 1308):
 garbage-first heap   total 91136K, used 39627K [0x00000000c0000000, 0x0000000100000000)
  region size 1024K, 1 young (1024K), 0 survivors (0K)
 Metaspace       used 61212K, committed 61824K, reserved 1114112K
  class space    used 7444K, committed 7744K, reserved 1048576K
}
Event: 67074.877 GC heap after
{Heap after GC invocations=1328 (full 1309):
 garbage-first heap   total 91136K, used 39627K [0x00000000c0000000, 0x0000000100000000)
  region size 1024K, 0 young (0K), 0 survivors (0K)
 Metaspace       used 61212K, committed 61824K, reserved 1114112K
  class space    used 7444K, committed 7744K, reserved 1048576K
}
Event: 67085.220 GC heap before
{Heap before GC invocations=1328 (full 1309):
 garbage-first heap   total 91136K, used 39627K [0x00000000c0000000, 0x0000000100000000)
  region size 1024K, 1 young (1024K), 0 survivors (0K)
 Metaspace       used 61212K, committed 61824K, reserved 1114112K
  class space    used 7444K, committed 7744K, reserved 1048576K
}
Event: 67085.305 GC heap after
{Heap after GC invocations=1329 (full 1310):
 garbage-first heap   total 91136K, used 39627K [0x00000000c0000000, 0x0000000100000000)
  region size 1024K, 0 young (0K), 0 survivors (0K)
 Metaspace       used 61212K, committed 61824K, reserved 1114112K
  class space    used 7444K, committed 7744K, reserved 1048576K
}
Event: 67095.670 GC heap before
{Heap before GC invocations=1329 (full 1310):
 garbage-first heap   total 91136K, used 39627K [0x00000000c0000000, 0x0000000100000000)
  region size 1024K, 1 young (1024K), 0 survivors (0K)
 Metaspace       used 61212K, committed 61824K, reserved 1114112K
  class space    used 7444K, committed 7744K, reserved 1048576K
}
Event: 67095.760 GC heap after
{Heap after GC invocations=1330 (full 1311):
 garbage-first heap   total 91136K, used 39627K [0x00000000c0000000, 0x0000000100000000)
  region size 1024K, 0 young (0K), 0 survivors (0K)
 Metaspace       used 61212K, committed 61824K, reserved 1114112K
  class space    used 7444K, committed 7744K, reserved 1048576K
}
Event: 67106.102 GC heap before
{Heap before GC invocations=1330 (full 1311):
 garbage-first heap   total 91136K, used 39627K [0x00000000c0000000, 0x0000000100000000)
  region size 1024K, 1 young (1024K), 0 survivors (0K)
 Metaspace       used 61212K, committed 61824K, reserved 1114112K
  class space    used 7444K, committed 7744K, reserved 1048576K
}
Event: 67106.194 GC heap after
{Heap after GC invocations=1331 (full 1312):
 garbage-first heap   total 91136K, used 39627K [0x00000000c0000000, 0x0000000100000000)
  region size 1024K, 0 young (0K), 0 survivors (0K)
 Metaspace       used 61212K, committed 61824K, reserved 1114112K
  class space    used 7444K, committed 7744K, reserved 1048576K
}
Event: 67116.573 GC heap before
{Heap before GC invocations=1331 (full 1312):
 garbage-first heap   total 91136K, used 39627K [0x00000000c0000000, 0x0000000100000000)
  region size 1024K, 1 young (1024K), 0 survivors (0K)
 Metaspace       used 61212K, committed 61824K, reserved 1114112K
  class space    used 7444K, committed 7744K, reserved 1048576K
}
Event: 67116.666 GC heap after
{Heap after GC invocations=1332 (full 1313):
 garbage-first heap   total 91136K, used 39627K [0x00000000c0000000, 0x0000000100000000)
  region size 1024K, 0 young (0K), 0 survivors (0K)
 Metaspace       used 61212K, committed 61824K, reserved 1114112K
  class space    used 7444K, committed 7744K, reserved 1048576K
}
Event: 67127.041 GC heap before
{Heap before GC invocations=1332 (full 1313):
 garbage-first heap   total 91136K, used 39627K [0x00000000c0000000, 0x0000000100000000)
  region size 1024K, 1 young (1024K), 0 survivors (0K)
 Metaspace       used 61212K, committed 61824K, reserved 1114112K
  class space    used 7444K, committed 7744K, reserved 1048576K
}
Event: 67127.134 GC heap after
{Heap after GC invocations=1333 (full 1314):
 garbage-first heap   total 91136K, used 39627K [0x00000000c0000000, 0x0000000100000000)
  region size 1024K, 0 young (0K), 0 survivors (0K)
 Metaspace       used 61212K, committed 61824K, reserved 1114112K
  class space    used 7444K, committed 7744K, reserved 1048576K
}
Event: 67137.527 GC heap before
{Heap before GC invocations=1333 (full 1314):
 garbage-first heap   total 91136K, used 39627K [0x00000000c0000000, 0x0000000100000000)
  region size 1024K, 1 young (1024K), 0 survivors (0K)
 Metaspace       used 61212K, committed 61824K, reserved 1114112K
  class space    used 7444K, committed 7744K, reserved 1048576K
}
Event: 67137.627 GC heap after
{Heap after GC invocations=1334 (full 1315):
 garbage-first heap   total 91136K, used 39627K [0x00000000c0000000, 0x0000000100000000)
  region size 1024K, 0 young (0K), 0 survivors (0K)
 Metaspace       used 61212K, committed 61824K, reserved 1114112K
  class space    used 7444K, committed 7744K, reserved 1048576K
}
Event: 67148.007 GC heap before
{Heap before GC invocations=1334 (full 1315):
 garbage-first heap   total 91136K, used 39627K [0x00000000c0000000, 0x0000000100000000)
  region size 1024K, 1 young (1024K), 0 survivors (0K)
 Metaspace       used 61212K, committed 61824K, reserved 1114112K
  class space    used 7444K, committed 7744K, reserved 1048576K
}
Event: 67148.086 GC heap after
{Heap after GC invocations=1335 (full 1316):
 garbage-first heap   total 91136K, used 39627K [0x00000000c0000000, 0x0000000100000000)
  region size 1024K, 0 young (0K), 0 survivors (0K)
 Metaspace       used 61212K, committed 61824K, reserved 1114112K
  class space    used 7444K, committed 7744K, reserved 1048576K
}
Event: 67158.465 GC heap before
{Heap before GC invocations=1335 (full 1316):
 garbage-first heap   total 91136K, used 39627K [0x00000000c0000000, 0x0000000100000000)
  region size 1024K, 1 young (1024K), 0 survivors (0K)
 Metaspace       used 61212K, committed 61824K, reserved 1114112K
  class space    used 7444K, committed 7744K, reserved 1048576K
}
Event: 67158.559 GC heap after
{Heap after GC invocations=1336 (full 1317):
 garbage-first heap   total 91136K, used 39627K [0x00000000c0000000, 0x0000000100000000)
  region size 1024K, 0 young (0K), 0 survivors (0K)
 Metaspace       used 61212K, committed 61824K, reserved 1114112K
  class space    used 7444K, committed 7744K, reserved 1048576K
}

